Flutter crash report.
Please report a bug at https://github.com/flutter/flutter/issues.

## command

flutter debug_adapter

## exception

FileSystemException: FileSystemException: writeFrom failed, path = '' (OS Error: Broken pipe, errno = 32)

```
#0      _checkForErrorResponse (dart:io/common.dart:58:9)
#1      _RandomAccessFile.writeFrom.<anonymous closure> (dart:io/file_impl.dart:1000:7)
#2      _rootRunUnary (dart:async/zone.dart:1538:47)
<asynchronous suspension>
#3      _FileStreamConsumer.addStream.<anonymous closure>.<anonymous closure>.<anonymous closure> (dart:io/file_impl.dart:237:27)
<asynchronous suspension>
```

## flutter doctor

```
[✓] Flutter (Channel stable, 3.32.5, on macOS 15.5 24F74 darwin-arm64, locale en-EG) [7.1s]
    • Flutter version 3.32.5 on channel stable at /Users/abdelrahmanhamdi/flutter
    • Upstream repository https://github.com/flutter/flutter.git
    • Framework revision fcf2c11572 (8 weeks ago), 2025-06-24 11:44:07 -0700
    • Engine revision dd93de6fb1
    • Dart version 3.8.1
    • DevTools version 2.45.1

[!] Android toolchain - develop for Android devices (Android SDK version 35.0.1) [729ms]
    • Android SDK at /Users/abdelrahmanhamdi/Library/Android/sdk
    ✗ cmdline-tools component is missing.
      Try installing or updating Android Studio.
      Alternatively, download the tools from https://developer.android.com/studio#command-line-tools-only and make sure to set the ANDROID_HOME environment variable.
      See https://developer.android.com/studio/command-line for more details.
    ✗ Android license status unknown.
      Run `flutter doctor --android-licenses` to accept the SDK licenses.
      See https://flutter.dev/to/macos-android-setup for more details.

[✓] Xcode - develop for iOS and macOS (Xcode 16.2) [3.6s]
    • Xcode at /Applications/Xcode.app/Contents/Developer
    • Build 16C5032a
    • CocoaPods version 1.16.2

[✓] Chrome - develop for the web [12ms]
    • Chrome at /Applications/Google Chrome.app/Contents/MacOS/Google Chrome

[✓] Android Studio (version 2024.3) [12ms]
    • Android Studio at /Applications/Android Studio.app/Contents
    • Flutter plugin can be installed from:
      🔨 https://plugins.jetbrains.com/plugin/9212-flutter
    • Dart plugin can be installed from:
      🔨 https://plugins.jetbrains.com/plugin/6351-dart
    • Java version OpenJDK Runtime Environment (build 21.0.5+-12932927-b750.29)

[✓] VS Code (version 1.98.1) [9ms]
    • VS Code at /Applications/Visual Studio Code.app/Contents
    • Flutter extension version 3.116.0

[✓] Connected device (3 available) [7.6s]
    • iPhone 16 Pro Max (mobile) • 3DAF7F33-A3BD-4BEA-87DA-55DD6007E242 • ios            • com.apple.CoreSimulator.SimRuntime.iOS-18-3 (simulator)
    • macOS (desktop)            • macos                                • darwin-arm64   • macOS 15.5 24F74 darwin-arm64
    • Chrome (web)               • chrome                               • web-javascript • Google Chrome 138.0.7204.185
    ! Error: Browsing on the local area network for Body. Ensure the device is unlocked and attached with a cable or associated with the same local area network as this Mac.
      The device must be opted into Developer Mode to connect wirelessly. (code -27)

[!] Network resources [38.4s]
    ✗ An HTTP error occurred while checking "https://maven.google.com/": Connection closed before full header was received

! Doctor found issues in 2 categories.
```
